The system is: Linux - 5.4.0-54-generic - x86_64
The system is: Linux - 5.4.0-54-generic - x86_64
Compiling the C compiler identification source file "CMakeCCompilerId.c" succeeded.
Compiler: /usr/bin/cc 
Build flags: 
Id flags: -c 

The output was:
0


Compilation of the C compiler identification source "CMakeCCompilerId.c" produced "CMakeCCompilerId.o"

The C compiler identification is GNU, found in "/home/raspberry/Desktop/Fall 2020/CIE 205 - Data Structures and Algorithm Analysis/Project/Mars-Missions-Management/cmake-build-debug/CMakeFiles/3.17.3/CompilerIdC/CMakeCCompilerId.o"

Compiling the C compiler identification source file "CMakeCCompilerId.c" succeeded.
Compiler: /usr/bin/cc 
Build flags: 
Id flags: -c 

The output was:
0


Compilation of the C compiler identification source "CMakeCCompilerId.c" produced "CMakeCCompilerId.o"

The C compiler identification is GNU, found in "/home/raspberry/Desktop/Fall 2020/CIE 205 - Data Structures and Algorithm Analysis/Project/Mars-Missions-Management/cmake-build-debug/CMakeFiles/3.17.3/CompilerIdC/CMakeCCompilerId.o"

Compiling the CXX compiler identification source file "CMakeCXXCompilerId.cpp" succeeded.
Compiler: /usr/bin/c++ 
Build flags: 
Id flags: -c 

The output was:
0


Compilation of the CXX compiler identification source "CMakeCXXCompilerId.cpp" produced "CMakeCXXCompilerId.o"

The CXX compiler identification is GNU, found in "/home/raspberry/Desktop/Fall 2020/CIE 205 - Data Structures and Algorithm Analysis/Project/Mars-Missions-Management/cmake-build-debug/CMakeFiles/3.17.3/CompilerIdCXX/CMakeCXXCompilerId.o"

Compiling the CXX compiler identification source file "CMakeCXXCompilerId.cpp" succeeded.
Compiler: /usr/bin/c++ 
Build flags: 
Id flags: -c 

The output was:
0


Compilation of the CXX compiler identification source "CMakeCXXCompilerId.cpp" produced "CMakeCXXCompilerId.o"

The CXX compiler identification is GNU, found in "/home/raspberry/Desktop/Fall 2020/CIE 205 - Data Structures and Algorithm Analysis/Project/Mars-Missions-Management/cmake-build-debug/CMakeFiles/3.17.3/CompilerIdCXX/CMakeCXXCompilerId.o"

Determining if the C compiler works passed with the following output:
Change Dir: /home/raspberry/Desktop/Fall 2020/CIE 205 - Data Structures and Algorithm Analysis/Project/Mars-Missions-Management/cmake-build-debug/CMakeFiles/CMakeTmp

Run Build Command(s):/usr/bin/make cmTC_2ef43/fast && /usr/bin/make  -f CMakeFiles/cmTC_2ef43.dir/build.make CMakeFiles/cmTC_2ef43.dir/build
make[1]: Entering directory '/home/raspberry/Desktop/Fall 2020/CIE 205 - Data Structures and Algorithm Analysis/Project/Mars-Missions-Management/cmake-build-debug/CMakeFiles/CMakeTmp'
Building C object CMakeFiles/cmTC_2ef43.dir/testCCompiler.c.o
/usr/bin/cc    -o CMakeFiles/cmTC_2ef43.dir/testCCompiler.c.o   -c "/home/raspberry/Desktop/Fall 2020/CIE 205 - Data Structures and Algorithm Analysis/Project/Mars-Missions-Management/cmake-build-debug/CMakeFiles/CMakeTmp/testCCompiler.c"
Linking C executable cmTC_2ef43
/snap/clion/129/bin/cmake/linux/bin/cmake -E cmake_link_script CMakeFiles/cmTC_2ef43.dir/link.txt --verbose=1
/usr/bin/cc      CMakeFiles/cmTC_2ef43.dir/testCCompiler.c.o  -o cmTC_2ef43 
make[1]: Leaving directory '/home/raspberry/Desktop/Fall 2020/CIE 205 - Data Structures and Algorithm Analysis/Project/Mars-Missions-Management/cmake-build-debug/CMakeFiles/CMakeTmp'



