C:\Program Files (x86)\Microsoft Visual Studio\2019\Community\MSBuild\Microsoft\VC\v160\Microsoft.CppBuild.targets(1006,5): warning MSB8027: Two or more files with the name of Mission.cpp will produce outputs to the same location. This can lead to an incorrect build result.  The files involved are ..\Mission related\Mission.cpp, ..\Mission.cpp.
C:\Program Files (x86)\Microsoft Visual Studio\2019\Community\MSBuild\Microsoft\VC\v160\Microsoft.CppBuild.targets(1006,5): warning MSB8027: Two or more files with the name of Rover.cpp will produce outputs to the same location. This can lead to an incorrect build result.  The files involved are ..\Rover related\Rover.cpp, ..\Rover.cpp.
  main.cpp
D:\Year 4\Data Structure\Final Project\Mars-Missions-Management\main.cpp(132,42): warning C4099: 'Rover': type name first seen using 'class' now seen using 'struct'
D:\Year 4\Data Structure\Final Project\Mars-Missions-Management\Rover related\Rover.h(10): message : see declaration of 'Rover'
D:\Year 4\Data Structure\Final Project\Mars-Missions-Management\main.cpp(132,77): warning C4099: 'Mission': type name first seen using 'class' now seen using 'struct'
D:\Year 4\Data Structure\Final Project\Mars-Missions-Management\Mission related\Mission.h(12): message : see declaration of 'Mission'
  MarsStation.cpp
D:\Year 4\Data Structure\Final Project\Mars-Missions-Management\MarsStation related\MarsStation.cpp(23,10): warning C4101: 'F': unreferenced local variable
  MissionList.cpp
  Mission.cpp
c1xx : fatal error C1083: Cannot open source file: '..\Mission.cpp': No such file or directory
  Emergency_rovers.cpp
  Rover.cpp
c1xx : fatal error C1083: Cannot open source file: '..\Rover.cpp': No such file or directory
  CancelEvent.cpp
  Event.cpp
  FormulationEvent.cpp
  PromoteEvent.cpp
  Generating Code...
